This file contains any messages produced by compilers while
running configure, to aid debugging if configure makes a mistake.

It was created by mcserverd configure 0.0.1, which was
generated by GNU Autoconf 2.69.  Invocation command line was

  $ ./configure 

## --------- ##
## Platform. ##
## --------- ##

hostname = darknightghost-Vostro-5460
uname -m = x86_64
uname -r = 3.13.0-65-generic
uname -s = Linux
uname -v = #105-Ubuntu SMP Mon Sep 21 18:50:58 UTC 2015

/usr/bin/uname -p = unknown
/bin/uname -X     = unknown

/bin/arch              = unknown
/usr/bin/arch -k       = unknown
/usr/convex/getsysinfo = unknown
/usr/bin/hostinfo      = unknown
/bin/machine           = unknown
/usr/bin/oslevel       = unknown
/bin/universe          = unknown

PATH: /home/darknightghost/bin
PATH: /usr/lib/jvm/java-7-openjdk-amd64/bin
PATH: /usr/lib/jvm/java-7-openjdk-amd64/jre/bin
PATH: /usr/local/sbin
PATH: /usr/local/bin
PATH: /usr/sbin
PATH: /usr/bin
PATH: /sbin
PATH: /bin
PATH: /usr/games
PATH: /usr/local/games


## ----------- ##
## Core tests. ##
## ----------- ##

configure:2177: checking for a BSD-compatible install
configure:2245: result: /usr/bin/install -c
configure:2256: checking whether build environment is sane
configure:2311: result: yes
configure:2462: checking for a thread-safe mkdir -p
configure:2501: result: /bin/mkdir -p
configure:2508: checking for gawk
configure:2524: found /usr/bin/gawk
configure:2535: result: gawk
configure:2546: checking whether make sets $(MAKE)
configure:2568: result: yes
configure:2597: checking whether make supports nested variables
configure:2614: result: yes
configure:2774: checking for ranlib
configure:2790: found /usr/bin/ranlib
configure:2801: result: ranlib
configure:2873: checking for gcc
configure:2889: found /usr/bin/gcc
configure:2900: result: gcc
configure:3129: checking for C compiler version
configure:3138: gcc --version >&5
gcc (Ubuntu 4.8.4-2ubuntu1~14.04) 4.8.4
Copyright (C) 2013 Free Software Foundation, Inc.
This is free software; see the source for copying conditions.  There is NO
warranty; not even for MERCHANTABILITY or FITNESS FOR A PARTICULAR PURPOSE.

configure:3149: $? = 0
configure:3138: gcc -v >&5
Using built-in specs.
COLLECT_GCC=gcc
COLLECT_LTO_WRAPPER=/usr/lib/gcc/x86_64-linux-gnu/4.8/lto-wrapper
Target: x86_64-linux-gnu
Configured with: ../src/configure -v --with-pkgversion='Ubuntu 4.8.4-2ubuntu1~14.04' --with-bugurl=file:///usr/share/doc/gcc-4.8/README.Bugs --enable-languages=c,c++,java,go,d,fortran,objc,obj-c++ --prefix=/usr --program-suffix=-4.8 --enable-shared --enable-linker-build-id --libexecdir=/usr/lib --without-included-gettext --enable-threads=posix --with-gxx-include-dir=/usr/include/c++/4.8 --libdir=/usr/lib --enable-nls --with-sysroot=/ --enable-clocale=gnu --enable-libstdcxx-debug --enable-libstdcxx-time=yes --enable-gnu-unique-object --disable-libmudflap --enable-plugin --with-system-zlib --disable-browser-plugin --enable-java-awt=gtk --enable-gtk-cairo --with-java-home=/usr/lib/jvm/java-1.5.0-gcj-4.8-amd64/jre --enable-java-home --with-jvm-root-dir=/usr/lib/jvm/java-1.5.0-gcj-4.8-amd64 --with-jvm-jar-dir=/usr/lib/jvm-exports/java-1.5.0-gcj-4.8-amd64 --with-arch-directory=amd64 --with-ecj-jar=/usr/share/java/eclipse-ecj.jar --enable-objc-gc --enable-multiarch --disable-werror --with-arch-32=i686 --with-abi=m64 --with-multilib-list=m32,m64,mx32 --with-tune=generic --enable-checking=release --build=x86_64-linux-gnu --host=x86_64-linux-gnu --target=x86_64-linux-gnu
Thread model: posix
gcc version 4.8.4 (Ubuntu 4.8.4-2ubuntu1~14.04) 
configure:3149: $? = 0
configure:3138: gcc -V >&5
gcc: error: unrecognized command line option '-V'
gcc: fatal error: no input files
compilation terminated.
configure:3149: $? = 4
configure:3138: gcc -qversion >&5
gcc: error: unrecognized command line option '-qversion'
gcc: fatal error: no input files
compilation terminated.
configure:3149: $? = 4
configure:3169: checking whether the C compiler works
configure:3191: gcc    conftest.c  >&5
configure:3195: $? = 0
configure:3243: result: yes
configure:3246: checking for C compiler default output file name
configure:3248: result: a.out
configure:3254: checking for suffix of executables
configure:3261: gcc -o conftest    conftest.c  >&5
configure:3265: $? = 0
configure:3287: result: 
configure:3309: checking whether we are cross compiling
configure:3317: gcc -o conftest    conftest.c  >&5
configure:3321: $? = 0
configure:3328: ./conftest
configure:3332: $? = 0
configure:3347: result: no
configure:3352: checking for suffix of object files
configure:3374: gcc -c   conftest.c >&5
configure:3378: $? = 0
configure:3399: result: o
configure:3403: checking whether we are using the GNU C compiler
configure:3422: gcc -c   conftest.c >&5
configure:3422: $? = 0
configure:3431: result: yes
configure:3440: checking whether gcc accepts -g
configure:3460: gcc -c -g  conftest.c >&5
configure:3460: $? = 0
configure:3501: result: yes
configure:3518: checking for gcc option to accept ISO C89
configure:3581: gcc  -c -g -O2  conftest.c >&5
configure:3581: $? = 0
configure:3594: result: none needed
configure:3619: checking whether gcc understands -c and -o together
configure:3641: gcc -c conftest.c -o conftest2.o
configure:3644: $? = 0
configure:3641: gcc -c conftest.c -o conftest2.o
configure:3644: $? = 0
configure:3656: result: yes
configure:3684: checking for style of include used by make
configure:3712: result: GNU
configure:3738: checking dependency style of gcc
configure:3849: result: gcc3
configure:3867: checking for pthread_create in -lpthread
configure:3892: gcc -o conftest -g -O2   conftest.c -lpthread   >&5
configure:3892: $? = 0
configure:3901: result: yes
configure:3912: checking for ssh_new in -lssh
configure:3937: gcc -o conftest -g -O2   conftest.c -lssh  -lpthread  >&5
configure:3937: $? = 0
configure:3946: result: yes
configure:3964: checking how to run the C preprocessor
configure:3995: gcc -E  conftest.c
configure:3995: $? = 0
configure:4009: gcc -E  conftest.c
conftest.c:11:28: fatal error: ac_nonexistent.h: No such file or directory
 #include <ac_nonexistent.h>
                            ^
compilation terminated.
configure:4009: $? = 1
configure: failed program was:
| /* confdefs.h */
| #define PACKAGE_NAME "mcserverd"
| #define PACKAGE_TARNAME "mcserverd"
| #define PACKAGE_VERSION "0.0.1"
| #define PACKAGE_STRING "mcserverd 0.0.1"
| #define PACKAGE_BUGREPORT "darknightghost@gmail.com"
| #define PACKAGE_URL ""
| #define HAVE_LIBPTHREAD 1
| #define HAVE_LIBSSH 1
| /* end confdefs.h.  */
| #include <ac_nonexistent.h>
configure:4034: result: gcc -E
configure:4054: gcc -E  conftest.c
configure:4054: $? = 0
configure:4068: gcc -E  conftest.c
conftest.c:11:28: fatal error: ac_nonexistent.h: No such file or directory
 #include <ac_nonexistent.h>
                            ^
compilation terminated.
configure:4068: $? = 1
configure: failed program was:
| /* confdefs.h */
| #define PACKAGE_NAME "mcserverd"
| #define PACKAGE_TARNAME "mcserverd"
| #define PACKAGE_VERSION "0.0.1"
| #define PACKAGE_STRING "mcserverd 0.0.1"
| #define PACKAGE_BUGREPORT "darknightghost@gmail.com"
| #define PACKAGE_URL ""
| #define HAVE_LIBPTHREAD 1
| #define HAVE_LIBSSH 1
| /* end confdefs.h.  */
| #include <ac_nonexistent.h>
configure:4097: checking for grep that handles long lines and -e
configure:4155: result: /bin/grep
configure:4160: checking for egrep
configure:4222: result: /bin/grep -E
configure:4227: checking for ANSI C header files
configure:4247: gcc -c -g -O2  conftest.c >&5
configure:4247: $? = 0
configure:4320: gcc -o conftest -g -O2   conftest.c -lssh -lpthread  >&5
configure:4320: $? = 0
configure:4320: ./conftest
configure:4320: $? = 0
configure:4331: result: yes
configure:4344: checking for sys/types.h
configure:4344: gcc -c -g -O2  conftest.c >&5
configure:4344: $? = 0
configure:4344: result: yes
configure:4344: checking for sys/stat.h
configure:4344: gcc -c -g -O2  conftest.c >&5
configure:4344: $? = 0
configure:4344: result: yes
configure:4344: checking for stdlib.h
configure:4344: gcc -c -g -O2  conftest.c >&5
configure:4344: $? = 0
configure:4344: result: yes
configure:4344: checking for string.h
configure:4344: gcc -c -g -O2  conftest.c >&5
configure:4344: $? = 0
configure:4344: result: yes
configure:4344: checking for memory.h
configure:4344: gcc -c -g -O2  conftest.c >&5
configure:4344: $? = 0
configure:4344: result: yes
configure:4344: checking for strings.h
configure:4344: gcc -c -g -O2  conftest.c >&5
configure:4344: $? = 0
configure:4344: result: yes
configure:4344: checking for inttypes.h
configure:4344: gcc -c -g -O2  conftest.c >&5
configure:4344: $? = 0
configure:4344: result: yes
configure:4344: checking for stdint.h
configure:4344: gcc -c -g -O2  conftest.c >&5
configure:4344: $? = 0
configure:4344: result: yes
configure:4344: checking for unistd.h
configure:4344: gcc -c -g -O2  conftest.c >&5
configure:4344: $? = 0
configure:4344: result: yes
configure:4366: checking fcntl.h usability
configure:4366: gcc -c -g -O2  conftest.c >&5
configure:4366: $? = 0
configure:4366: result: yes
configure:4366: checking fcntl.h presence
configure:4366: gcc -E  conftest.c
configure:4366: $? = 0
configure:4366: result: yes
configure:4366: checking for fcntl.h
configure:4366: result: yes
configure:4366: checking for stdlib.h
configure:4366: result: yes
configure:4366: checking for string.h
configure:4366: result: yes
configure:4366: checking for unistd.h
configure:4366: result: yes
configure:4366: checking stdio.h usability
configure:4366: gcc -c -g -O2  conftest.c >&5
configure:4366: $? = 0
configure:4366: result: yes
configure:4366: checking stdio.h presence
configure:4366: gcc -E  conftest.c
configure:4366: $? = 0
configure:4366: result: yes
configure:4366: checking for stdio.h
configure:4366: result: yes
configure:4366: checking libssh/libssh.h usability
configure:4366: gcc -c -g -O2  conftest.c >&5
configure:4366: $? = 0
configure:4366: result: yes
configure:4366: checking libssh/libssh.h presence
configure:4366: gcc -E  conftest.c
configure:4366: $? = 0
configure:4366: result: yes
configure:4366: checking for libssh/libssh.h
configure:4366: result: yes
configure:4366: checking libssh/server.h usability
configure:4366: gcc -c -g -O2  conftest.c >&5
configure:4366: $? = 0
configure:4366: result: yes
configure:4366: checking libssh/server.h presence
configure:4366: gcc -E  conftest.c
configure:4366: $? = 0
configure:4366: result: yes
configure:4366: checking for libssh/server.h
configure:4366: result: yes
configure:4366: checking libssh/callbacks.h usability
configure:4366: gcc -c -g -O2  conftest.c >&5
configure:4366: $? = 0
configure:4366: result: yes
configure:4366: checking libssh/callbacks.h presence
configure:4366: gcc -E  conftest.c
configure:4366: $? = 0
configure:4366: result: yes
configure:4366: checking for libssh/callbacks.h
configure:4366: result: yes
configure:4378: checking for stdbool.h that conforms to C99
configure:4445: gcc -c -g -O2  conftest.c >&5
configure:4445: $? = 0
configure:4452: result: yes
configure:4454: checking for _Bool
configure:4454: gcc -c -g -O2  conftest.c >&5
configure:4454: $? = 0
configure:4454: gcc -c -g -O2  conftest.c >&5
conftest.c: In function 'main':
conftest.c:65:20: error: expected expression before ')' token
 if (sizeof ((_Bool)))
                    ^
configure:4454: $? = 1
configure: failed program was:
| /* confdefs.h */
| #define PACKAGE_NAME "mcserverd"
| #define PACKAGE_TARNAME "mcserverd"
| #define PACKAGE_VERSION "0.0.1"
| #define PACKAGE_STRING "mcserverd 0.0.1"
| #define PACKAGE_BUGREPORT "darknightghost@gmail.com"
| #define PACKAGE_URL ""
| #define HAVE_LIBPTHREAD 1
| #define HAVE_LIBSSH 1
| #define STDC_HEADERS 1
| #define HAVE_SYS_TYPES_H 1
| #define HAVE_SYS_STAT_H 1
| #define HAVE_STDLIB_H 1
| #define HAVE_STRING_H 1
| #define HAVE_MEMORY_H 1
| #define HAVE_STRINGS_H 1
| #define HAVE_INTTYPES_H 1
| #define HAVE_STDINT_H 1
| #define HAVE_UNISTD_H 1
| #define HAVE_FCNTL_H 1
| #define HAVE_STDLIB_H 1
| #define HAVE_STRING_H 1
| #define HAVE_UNISTD_H 1
| #define HAVE_STDIO_H 1
| #define HAVE_LIBSSH_LIBSSH_H 1
| #define HAVE_LIBSSH_SERVER_H 1
| #define HAVE_LIBSSH_CALLBACKS_H 1
| /* end confdefs.h.  */
| #include <stdio.h>
| #ifdef HAVE_SYS_TYPES_H
| # include <sys/types.h>
| #endif
| #ifdef HAVE_SYS_STAT_H
| # include <sys/stat.h>
| #endif
| #ifdef STDC_HEADERS
| # include <stdlib.h>
| # include <stddef.h>
| #else
| # ifdef HAVE_STDLIB_H
| #  include <stdlib.h>
| # endif
| #endif
| #ifdef HAVE_STRING_H
| # if !defined STDC_HEADERS && defined HAVE_MEMORY_H
| #  include <memory.h>
| # endif
| # include <string.h>
| #endif
| #ifdef HAVE_STRINGS_H
| # include <strings.h>
| #endif
| #ifdef HAVE_INTTYPES_H
| # include <inttypes.h>
| #endif
| #ifdef HAVE_STDINT_H
| # include <stdint.h>
| #endif
| #ifdef HAVE_UNISTD_H
| # include <unistd.h>
| #endif
| int
| main ()
| {
| if (sizeof ((_Bool)))
| 	    return 0;
|   ;
|   return 0;
| }
configure:4454: result: yes
configure:4465: checking for size_t
configure:4465: gcc -c -g -O2  conftest.c >&5
configure:4465: $? = 0
configure:4465: gcc -c -g -O2  conftest.c >&5
conftest.c: In function 'main':
conftest.c:66:21: error: expected expression before ')' token
 if (sizeof ((size_t)))
                     ^
configure:4465: $? = 1
configure: failed program was:
| /* confdefs.h */
| #define PACKAGE_NAME "mcserverd"
| #define PACKAGE_TARNAME "mcserverd"
| #define PACKAGE_VERSION "0.0.1"
| #define PACKAGE_STRING "mcserverd 0.0.1"
| #define PACKAGE_BUGREPORT "darknightghost@gmail.com"
| #define PACKAGE_URL ""
| #define HAVE_LIBPTHREAD 1
| #define HAVE_LIBSSH 1
| #define STDC_HEADERS 1
| #define HAVE_SYS_TYPES_H 1
| #define HAVE_SYS_STAT_H 1
| #define HAVE_STDLIB_H 1
| #define HAVE_STRING_H 1
| #define HAVE_MEMORY_H 1
| #define HAVE_STRINGS_H 1
| #define HAVE_INTTYPES_H 1
| #define HAVE_STDINT_H 1
| #define HAVE_UNISTD_H 1
| #define HAVE_FCNTL_H 1
| #define HAVE_STDLIB_H 1
| #define HAVE_STRING_H 1
| #define HAVE_UNISTD_H 1
| #define HAVE_STDIO_H 1
| #define HAVE_LIBSSH_LIBSSH_H 1
| #define HAVE_LIBSSH_SERVER_H 1
| #define HAVE_LIBSSH_CALLBACKS_H 1
| #define HAVE__BOOL 1
| /* end confdefs.h.  */
| #include <stdio.h>
| #ifdef HAVE_SYS_TYPES_H
| # include <sys/types.h>
| #endif
| #ifdef HAVE_SYS_STAT_H
| # include <sys/stat.h>
| #endif
| #ifdef STDC_HEADERS
| # include <stdlib.h>
| # include <stddef.h>
| #else
| # ifdef HAVE_STDLIB_H
| #  include <stdlib.h>
| # endif
| #endif
| #ifdef HAVE_STRING_H
| # if !defined STDC_HEADERS && defined HAVE_MEMORY_H
| #  include <memory.h>
| # endif
| # include <string.h>
| #endif
| #ifdef HAVE_STRINGS_H
| # include <strings.h>
| #endif
| #ifdef HAVE_INTTYPES_H
| # include <inttypes.h>
| #endif
| #ifdef HAVE_STDINT_H
| # include <stdint.h>
| #endif
| #ifdef HAVE_UNISTD_H
| # include <unistd.h>
| #endif
| int
| main ()
| {
| if (sizeof ((size_t)))
| 	    return 0;
|   ;
|   return 0;
| }
configure:4465: result: yes
configure:4480: checking for stdlib.h
configure:4480: result: yes
configure:4490: checking for GNU libc compatible malloc
configure:4514: gcc -o conftest -g -O2   conftest.c -lssh -lpthread  >&5
configure:4514: $? = 0
configure:4514: ./conftest
configure:4514: $? = 0
configure:4524: result: yes
configure:4693: checking that generated files are newer than configure
configure:4699: result: done
configure:4722: creating ./config.status

## ---------------------- ##
## Running config.status. ##
## ---------------------- ##

This file was extended by mcserverd config.status 0.0.1, which was
generated by GNU Autoconf 2.69.  Invocation command line was

  CONFIG_FILES    = 
  CONFIG_HEADERS  = 
  CONFIG_LINKS    = 
  CONFIG_COMMANDS = 
  $ ./config.status 

on darknightghost-Vostro-5460

config.status:781: creating Makefile
config.status:781: creating conf/Makefile
config.status:781: creating src/Makefile
config.status:953: executing depfiles commands

## ---------------- ##
## Cache variables. ##
## ---------------- ##

ac_cv_c_compiler_gnu=yes
ac_cv_env_CC_set=
ac_cv_env_CC_value=
ac_cv_env_CFLAGS_set=
ac_cv_env_CFLAGS_value=
ac_cv_env_CPPFLAGS_set=
ac_cv_env_CPPFLAGS_value=
ac_cv_env_CPP_set=
ac_cv_env_CPP_value=
ac_cv_env_LDFLAGS_set=
ac_cv_env_LDFLAGS_value=
ac_cv_env_LIBS_set=
ac_cv_env_LIBS_value=
ac_cv_env_build_alias_set=
ac_cv_env_build_alias_value=
ac_cv_env_host_alias_set=
ac_cv_env_host_alias_value=
ac_cv_env_target_alias_set=
ac_cv_env_target_alias_value=
ac_cv_func_malloc_0_nonnull=yes
ac_cv_header_fcntl_h=yes
ac_cv_header_inttypes_h=yes
ac_cv_header_libssh_callbacks_h=yes
ac_cv_header_libssh_libssh_h=yes
ac_cv_header_libssh_server_h=yes
ac_cv_header_memory_h=yes
ac_cv_header_stdbool_h=yes
ac_cv_header_stdc=yes
ac_cv_header_stdint_h=yes
ac_cv_header_stdio_h=yes
ac_cv_header_stdlib_h=yes
ac_cv_header_string_h=yes
ac_cv_header_strings_h=yes
ac_cv_header_sys_stat_h=yes
ac_cv_header_sys_types_h=yes
ac_cv_header_unistd_h=yes
ac_cv_lib_pthread_pthread_create=yes
ac_cv_lib_ssh_ssh_new=yes
ac_cv_objext=o
ac_cv_path_EGREP='/bin/grep -E'
ac_cv_path_GREP=/bin/grep
ac_cv_path_install='/usr/bin/install -c'
ac_cv_path_mkdir=/bin/mkdir
ac_cv_prog_AWK=gawk
ac_cv_prog_CPP='gcc -E'
ac_cv_prog_ac_ct_CC=gcc
ac_cv_prog_ac_ct_RANLIB=ranlib
ac_cv_prog_cc_c89=
ac_cv_prog_cc_g=yes
ac_cv_prog_make_make_set=yes
ac_cv_type__Bool=yes
ac_cv_type_size_t=yes
am_cv_CC_dependencies_compiler_type=gcc3
am_cv_make_support_nested_variables=yes
am_cv_prog_cc_c_o=yes

## ----------------- ##
## Output variables. ##
## ----------------- ##

ACLOCAL='${SHELL} /home/darknightghost/project/mcserverd/mcserverd/missing aclocal-1.14'
AMDEPBACKSLASH='\'
AMDEP_FALSE='#'
AMDEP_TRUE=''
AMTAR='$${TAR-tar}'
AM_BACKSLASH='\'
AM_DEFAULT_V='$(AM_DEFAULT_VERBOSITY)'
AM_DEFAULT_VERBOSITY='1'
AM_V='$(V)'
AUTOCONF='${SHELL} /home/darknightghost/project/mcserverd/mcserverd/missing autoconf'
AUTOHEADER='${SHELL} /home/darknightghost/project/mcserverd/mcserverd/missing autoheader'
AUTOMAKE='${SHELL} /home/darknightghost/project/mcserverd/mcserverd/missing automake-1.14'
AWK='gawk'
CC='gcc'
CCDEPMODE='depmode=gcc3'
CFLAGS='-g -O2'
CPP='gcc -E'
CPPFLAGS=''
CYGPATH_W='echo'
DEFS='-DPACKAGE_NAME=\"mcserverd\" -DPACKAGE_TARNAME=\"mcserverd\" -DPACKAGE_VERSION=\"0.0.1\" -DPACKAGE_STRING=\"mcserverd\ 0.0.1\" -DPACKAGE_BUGREPORT=\"darknightghost@gmail.com\" -DPACKAGE_URL=\"\" -DHAVE_LIBPTHREAD=1 -DHAVE_LIBSSH=1 -DSTDC_HEADERS=1 -DHAVE_SYS_TYPES_H=1 -DHAVE_SYS_STAT_H=1 -DHAVE_STDLIB_H=1 -DHAVE_STRING_H=1 -DHAVE_MEMORY_H=1 -DHAVE_STRINGS_H=1 -DHAVE_INTTYPES_H=1 -DHAVE_STDINT_H=1 -DHAVE_UNISTD_H=1 -DHAVE_FCNTL_H=1 -DHAVE_STDLIB_H=1 -DHAVE_STRING_H=1 -DHAVE_UNISTD_H=1 -DHAVE_STDIO_H=1 -DHAVE_LIBSSH_LIBSSH_H=1 -DHAVE_LIBSSH_SERVER_H=1 -DHAVE_LIBSSH_CALLBACKS_H=1 -DHAVE__BOOL=1 -DHAVE_STDLIB_H=1 -DHAVE_MALLOC=1'
DEPDIR='.deps'
ECHO_C=''
ECHO_N='-n'
ECHO_T=''
EGREP='/bin/grep -E'
EXEEXT=''
GREP='/bin/grep'
INSTALL_DATA='${INSTALL} -m 644'
INSTALL_PROGRAM='${INSTALL}'
INSTALL_SCRIPT='${INSTALL}'
INSTALL_STRIP_PROGRAM='$(install_sh) -c -s'
LDFLAGS=''
LIBOBJS=''
LIBS='-lssh -lpthread '
LTLIBOBJS=''
MAKEINFO='${SHELL} /home/darknightghost/project/mcserverd/mcserverd/missing makeinfo'
MKDIR_P='/bin/mkdir -p'
OBJEXT='o'
PACKAGE='mcserverd'
PACKAGE_BUGREPORT='darknightghost@gmail.com'
PACKAGE_NAME='mcserverd'
PACKAGE_STRING='mcserverd 0.0.1'
PACKAGE_TARNAME='mcserverd'
PACKAGE_URL=''
PACKAGE_VERSION='0.0.1'
PATH_SEPARATOR=':'
RANLIB='ranlib'
SET_MAKE=''
SHELL='/bin/bash'
STRIP=''
VERSION='0.0.1'
ac_ct_CC='gcc'
am__EXEEXT_FALSE=''
am__EXEEXT_TRUE='#'
am__fastdepCC_FALSE='#'
am__fastdepCC_TRUE=''
am__include='include'
am__isrc=''
am__leading_dot='.'
am__nodep='_no'
am__quote=''
am__tar='$${TAR-tar} chof - "$$tardir"'
am__untar='$${TAR-tar} xf -'
bindir='${exec_prefix}/bin'
build_alias=''
datadir='${datarootdir}'
datarootdir='${prefix}/share'
docdir='${datarootdir}/doc/${PACKAGE_TARNAME}'
dvidir='${docdir}'
exec_prefix='${prefix}'
host_alias=''
htmldir='${docdir}'
includedir='${prefix}/include'
infodir='${datarootdir}/info'
install_sh='${SHELL} /home/darknightghost/project/mcserverd/mcserverd/install-sh'
libdir='${exec_prefix}/lib'
libexecdir='${exec_prefix}/libexec'
localedir='${datarootdir}/locale'
localstatedir='${prefix}/var'
mandir='${datarootdir}/man'
mkdir_p='$(MKDIR_P)'
oldincludedir='/usr/include'
pdfdir='${docdir}'
prefix='/usr/local'
program_transform_name='s,x,x,'
psdir='${docdir}'
sbindir='${exec_prefix}/sbin'
sharedstatedir='${prefix}/com'
sysconfdir='${prefix}/etc'
target_alias=''

## ----------- ##
## confdefs.h. ##
## ----------- ##

/* confdefs.h */
#define PACKAGE_NAME "mcserverd"
#define PACKAGE_TARNAME "mcserverd"
#define PACKAGE_VERSION "0.0.1"
#define PACKAGE_STRING "mcserverd 0.0.1"
#define PACKAGE_BUGREPORT "darknightghost@gmail.com"
#define PACKAGE_URL ""
#define HAVE_LIBPTHREAD 1
#define HAVE_LIBSSH 1
#define STDC_HEADERS 1
#define HAVE_SYS_TYPES_H 1
#define HAVE_SYS_STAT_H 1
#define HAVE_STDLIB_H 1
#define HAVE_STRING_H 1
#define HAVE_MEMORY_H 1
#define HAVE_STRINGS_H 1
#define HAVE_INTTYPES_H 1
#define HAVE_STDINT_H 1
#define HAVE_UNISTD_H 1
#define HAVE_FCNTL_H 1
#define HAVE_STDLIB_H 1
#define HAVE_STRING_H 1
#define HAVE_UNISTD_H 1
#define HAVE_STDIO_H 1
#define HAVE_LIBSSH_LIBSSH_H 1
#define HAVE_LIBSSH_SERVER_H 1
#define HAVE_LIBSSH_CALLBACKS_H 1
#define HAVE__BOOL 1
#define HAVE_STDLIB_H 1
#define HAVE_MALLOC 1

configure: exit 0
